commit cf8e4d024321b1496a207516a13ee09b44e0955f
Author: = <=>
Date:   Fri May 5 15:18:10 2017 +0200

    Credits

commit ac186b3679843769252a36be312429eca587e5fc
Author: = <=>
Date:   Fri May 5 14:28:05 2017 +0200

    generic HOST-Header Injection 42000465 - ruleset commit

commit 6fde86c9629e43a15b469bf6c7b99b32d7bb6723
Author: = <=>
Date:   Wed Feb 1 20:38:32 2017 +0100

    WordPress API Content Injection (GET/POST) - ruleset commit

commit e00016cc8bf7bb93c44afaf78fdd9b279290adcb
Author: = <=>
Date:   Sat Dec 24 08:52:16 2016 +0100

    HTTPoxy - ruleset commit

commit 6b4c2645aa9b23aeba17c06abcf238339f6832b5
Merge: e3b3efd 52d53b3
Author: Lazy DogTown <lazy.dogtown@gmail.com>
Date:   Tue Mar 29 15:41:23 2016 +0200

    Merged in koveras/doxi-rules/fix_apache_labels (pull request #1)
    
    Fix apache search string, and harmonize labels.

commit 52d53b3e9ebf38fbb2f17b3d2aae3fabc0ac18fd
Author: Gabriel Linder <linder.gabriel@gmail.com>
Date:   Tue Mar 29 15:23:49 2016 +0200

    Fix apache search string, and harmonize labels.

commit e3b3efdeae595320c5caa6670f0b5b8f22e2db9f
Author: = <=>
Date:   Tue Dec 15 08:04:45 2015 +0100

    some updates, scanners - ruleset commit

commit 8542f387945426e7729aecd8a08a642a51a0a030
Author: = <=>
Date:   Mon Oct 19 07:55:23 2015 +0200

    updated sucuri-link - ruleset commit

commit af6848ea299aae64470127d2a36bb53033cf138c
Author: = <=>
Date:   Mon Oct 19 07:52:45 2015 +0200

    42000442 - Wordpress XMLRPC possible Password Brute Force - ruleset commit

commit ca8861cfa9f5a0466f5d41f1b90b34621ce12876
Author: = <=>
Date:   Wed Aug 12 09:07:14 2015 +0200

    pcre rce vuln - ruleset commit

commit c4edeac7861cbac33f47e99a5a9f37171e823291
Author: = <=>
Date:   Wed Aug 12 07:20:21 2015 +0200

    pcre rce vuln - ruleset commit

commit e373c7e328291d9b76b85cea3ad6ce320eed1a5d
Author: = <=>
Date:   Wed Aug 12 07:12:43 2015 +0200

    pcre rce vuln - ruleset commit

commit 975cb0b8e78c41670689ea0ad33fe831a69659e2
Author: = <=>
Date:   Wed Jun 17 08:51:54 2015 +0200

    Rails /console and some X-Forward-For - Bypasses - ruleset commit

commit 6ffff907cb1c848641cbd1bfce24144b1989413c
Author: = <=>
Date:   Fri Jun 5 07:56:39 2015 +0200

    PCRE RCE - ruleset commit

commit 239523af377ad6a8379eaae789c7965f01e48810
Author: = <=>
Date:   Thu Jun 4 23:28:35 2015 +0200

    PCRE  Library Heap Overflow Vulnerability sig - ruleset commit

commit 0cb30ee6da2134e3484e3b39fa71ccdaabd50544
Author: = <=>
Date:   Wed May 27 20:02:30 2015 +0200

    naxsi_core.rules update - ruleset commit

commit bc41602a1b1cd4f6633d3b1fe5ef45acea529b2a
Author: = <=>
Date:   Fri May 22 09:23:25 2015 +0200

    elasticsearch path-traversal - ruleset commit

commit 84235081d9f9b9eba1a187cda0311f23bce950ac
Author: = <=>
Date:   Sat May 9 07:53:03 2015 +0200

    wordpress - nuff said - ruleset commit

commit 03726885e7b6f2d5a4445a3f4cd8664092d14783
Author: = <=>
Date:   Fri Apr 17 17:20:30 2015 +0200

    some sig for magentos shoplift-bug SUPEE-5344 - ruleset commit

commit 158fcf13778078d04269945761520b847db89029
Author: = <=>
Date:   Fri Apr 17 00:12:10 2015 +0200

    42000428 - Possible IIS Integer Overflow DoS > (CVE-2015-1635) nd some more scanner-sigs - ruleset commit

commit e6f7ffb4b12f49a6274d5facf631c25ee5c868e8
Author: = <=>
Date:   Wed Apr 8 12:49:56 2015 +0200

    some scanner + Joomla Googlemap-Reflection - Scan - ruleset commit

commit fdf3cd8bc3fdaee2fa7b64c7d2219a59bdbc0461
Author: = <=>
Date:   Sat Mar 14 14:42:52 2015 +0100

    some MS Exchange / OWA-based rules in scanner.rules - ruleset commit

commit a1c654dc855075fa008be6958f0ae58a067d1745
Author: = <=>
Date:   Wed Feb 4 17:46:00 2015 +0100

    kibana-wl

commit 7a69170835f776d6df08423b0d673c3750bc3f57
Author: = <=>
Date:   Sat Jan 31 11:48:34 2015 +0100

    bf - ruleset commit

commit 50ce9a73a4647f6238e559586f9ed0fe0b1d508d
Author: = <=>
Date:   Sat Jan 31 11:46:57 2015 +0100

    Possible GHOST exploit-attempt in ARGS/HEADER/BODY (updated) - ruleset commit

commit 4a9c63c5ecda0c7c99bd6f7a2508483fdd33a982
Author: = <=>
Date:   Thu Jan 29 00:50:43 2015 +0100

    GHOST-Exploit-Attempt - ruleset commit

commit 49590c0c66e8c81987adf1745eb2a621e89a18b4
Author: = <=>
Date:   Wed Jan 28 18:19:28 2015 +0100

    misc whitelists

commit c09cdd716ad425c934f9b15a053b4ab2a6e4f775
Author: = <=>
Date:   Fri Jan 23 14:16:27 2015 +0100

    new honeypot-ruleset - ruleset commit

commit 8e8b5013c72e26045796a722dd499f5c632124f2
Author: = <=>
Date:   Thu Jan 22 13:39:49 2015 +0100

    rules.conf has now core-ruleset included

commit ca444bb01be95f342786ba198f0e66cdff5fd45d
Author: = <=>
Date:   Fri Oct 31 17:50:54 2014 +0100

    deleted "exe" from 42000410 - ruleset commit

commit 86842ba376d15bc66d172a22ac7de4fffeb111e8
Author: = <=>
Date:   Fri Oct 31 17:46:58 2014 +0100

    deleted 42000409 (now really) - ruleset commit

commit d291a293094b0bef6e0e91b6e64b876392f99bc3
Author: = <=>
Date:   Fri Oct 31 17:42:44 2014 +0100

    delted invalid sid 42000409 - ruleset commit

commit e9eb7631dde815008d310fa821a380cb486cbd14
Author: = <=>
Date:   Fri Oct 31 17:23:50 2014 +0100

    sig for reflected file download by oren hafif - ruleset commit

commit 6a694c8f4feedeeea03d5588bf7d910a74431f22
Author: = <=>
Date:   Sun Oct 26 12:40:32 2014 +0100

    magento magmi appendix - ruleset commit

commit bf116dca90790e1fb94a5f04120c8847ffb3673c
Author: = <=>
Date:   Wed Oct 22 23:43:04 2014 +0200

    deleted import.test

commit d17afc209b5378d06fc9e005ce57b37bf6331136
Author: = <=>
Date:   Wed Oct 22 23:18:40 2014 +0200

    magento-magmi-signatures - ruleset commit

commit 67a71cc460fa50792cebefd56ba123c4e904afab
Author: = <=>
Date:   Mon Oct 20 14:30:49 2014 +0200

    MongoDB Negated Parameter Server Side JavaScript Injection Attempt (et-inspired) - ruleset commit

commit 6c50f6d4835fac4e40ab32b8b38c33fbad8e2142
Author: = <=>
Date:   Fri Oct 17 00:54:40 2014 +0200

    drupal-vuln sig to detect directed attacks - ruleset commit

commit 5ccb737c8fc29cb6f22f5a2cb2e5a0b97076c8e8
Author: = <=>
Date:   Thu Oct 16 17:51:32 2014 +0200

    drupal-sqli+rce would be blocked by naxsi-core-rule-set (placeholder-commit) - ruleset commit

commit 02a9d071b83c715263eb487df60ff4cb8de27dd1
Author: = <=>
Date:   Sun Sep 28 12:30:01 2014 +0200

    shesllshock-aftermath - ruleset commit

commit 76c2fd6cb07911c7968f847636855a355419548b
Author: = <=>
Date:   Thu Sep 25 10:29:05 2014 +0200

    shelshock-scan - ruleset commit

commit 2f4d36711164574944782e8168eacec8a2fe3750
Author: = <=>
Date:   Thu Sep 25 02:10:35 2014 +0200

    update 2 / no regex for 42000393 - Possible Remote code execution through Bash CVE-2014-6271 - ruleset commit

commit e5fcd515f8bb4263b292e5eba079ac679642f50a
Author: = <=>
Date:   Thu Sep 25 01:05:19 2014 +0200

    changed PCRE for 42000393 / bash RCE - si - ruleset commit

commit 8eb0c93cce393f9cd8b85a98b06890eb750baafc
Author: = <=>
Date:   Thu Sep 25 00:59:22 2014 +0200

    typo fixed - ruleset commit

commit 06e46f448db8ac82db04cc020bad2907900fad3f
Author: = <=>
Date:   Thu Sep 25 00:41:15 2014 +0200

    Possible Remote code execution through Bash CVE-2014-6271 - ruleset commit

commit e131c295e665b24ac4ea7dbc7b4583f3dd8e665a
Author: = <=>
Date:   Thu Jul 17 09:47:18 2014 +0200

    typos - ruleset commit

commit a678db6d745b07a304a91ea485c425f210d8bd7a
Author: = <=>
Date:   Thu Jul 17 09:38:13 2014 +0200

    rosettflash-sigs - ruleset commit

commit ef5bbba9bc62dd33ca6425aad5453abbe0909de2
Author: = <=>
Date:   Thu May 8 09:00:32 2014 +0200

    mostlay tomcat-manager/text - access - sigs - ruleset commit

commit c3cae7fc24222d4878dd980a799517a7af2dbab7
Author: = <=>
Date:   Thu Apr 24 21:46:50 2014 +0200

    java-classloader (struts 0day) and some scanner-sigs - ruleset commit

commit 1a73d4dc84a6c0b5a5d56f1199da27967184a459
Author: = <=>
Date:   Mon Apr 14 22:19:33 2014 +0200

    some more generic contao/t3 - sigs - ruleset commit

commit 959f4403a8b729857d9f54e19a67ee6bb4d69246
Author: = <=>
Date:   Mon Apr 14 21:28:36 2014 +0200

    some contao-sigs - ruleset commit

commit 3e6253634b68d637853598ea92a19a3bd9864ac2
Author: = <=>
Date:   Sun Apr 6 20:03:20 2014 +0200

    readme now markdown

commit a8847b95fa34ee31641adacdacfff95bae95b252
Author: = <=>
Date:   Thu Apr 3 23:11:39 2014 +0200

    java/orcale cloud exploit additions - ruleset commit

commit 6f3beec7a86463e40f4b0fa58139b1b9c9f9639a
Author: = <=>
Date:   Thu Apr 3 22:52:09 2014 +0200

    JSP-File Upload - ruleset commit

commit 90ecb4165eb0d7165cc9045318a3d6e27be86716
Author: = <=>
Date:   Thu Apr 3 22:45:03 2014 +0200

    ruleset-autocommit

commit 45669744da49f0c878686f5faca0dc997f2191b9
Author: = <=>
Date:   Thu Apr 3 22:39:36 2014 +0200

    Java.Lang / JAR/WAR-File-Upload detection (see http://www.security-explorations.com/en/SE-2013-01-press2.html) - ruleset commit

commit b19d20a7ea0cd1e49ff3fa24250570e94fb4f676
Author: = <=>
Date:   Tue Mar 18 23:06:04 2014 +0100

    PHP Object Injection and some spam-rules - ruleset commit

commit ffdc80df9cc1fe4d4b4a64f07331df28d84d6976
Author: = <=>
Date:   Mon Feb 17 15:48:06 2014 +0100

    typo in 42000342 - ruleset commit

commit 0776718cf96aab6c88b1077e619c0c31424edc2c
Author: = <=>
Date:   Mon Feb 17 15:45:59 2014 +0100

    typo in 42000342 - ruleset commit

commit 624378426d6f1746514ee1d20ff5d8f5e420d94a
Author: = <=>
Date:   Mon Feb 17 07:27:13 2014 +0100

    typo 42000342, modified 42000341 - ruleset commit

commit 5a984ce6f979e0d8d28598fd61871bec2f8e2af0
Author: = <=>
Date:   Mon Feb 17 07:25:17 2014 +0100

    mmm - ruleset commit

commit 2193a05f4170ebbdedf503eec6a0acbbc800b339
Author: = <=>
Date:   Mon Feb 17 07:24:00 2014 +0100

    typo - ruleset commit

commit 870641339cd87ecd1a94d402850e4de5590f9b6c
Author: = <=>
Date:   Mon Feb 17 07:23:20 2014 +0100

    typo-fix - ruleset commit

commit 4436013aef35bc012c7374942233e187e4f82f03
Author: = <=>
Date:   Sun Feb 16 00:54:59 2014 +0100

    Tomcat/Apache-Commons File Upload DOS Attempt CVE-2014-0050 - ruleset commit

commit 9003406e6def70a707c310ead7edb79337283fc5
Author: = <=>
Date:   Fri Jan 31 00:19:35 2014 +0100

    XXE-Vuln and Websocket-Connect-Detection - ruleset commit

commit 015993163b27dcabd6147a919873866f4a1d949e
Author: = <=>
Date:   Tue Dec 3 22:37:58 2013 +0100

    some scanner rules - ruleset commit

commit 78200aee002bac7b216cd337cac8fb9db06bd9e1
Author: = <=>
Date:   Thu Oct 31 16:10:10 2013 +0100

    struts + cgi-bin - scans - ruleset commit

commit 68e02b359b46ea5a1cb267af2cb1361929ce0177
Author: = <=>
Date:   Thu Oct 17 09:14:23 2013 +0200

    ruleset-update autocommit

commit 92df601cfd38477942379b33e091dc12a356425f
Author: = <=>
Date:   Sat Oct 12 00:28:35 2013 +0200

    ruleset-update autocommit

commit a6ec4a7e94bdc9ddb9d72b01738b45dbd235d0d3
Author: = <=>
Date:   Mon Oct 7 21:21:01 2013 +0200

    ruleset-update autocommit

commit 51a323be0e162e425898993d1dba7b2c5bc5e48f
Author: = <=>
Date:   Fri Sep 27 16:45:41 2013 +0200

    ruleset-update autocommit

commit 635540501b8fc9adf4df1e53e25ca1cc905a69f6
Author: = <=>
Date:   Fri Sep 27 16:20:17 2013 +0200

    ruleset-update autocommit

commit 745f93443b822b8e2463c51835c9f5cda907bfc7
Author: = <=>
Date:   Wed Sep 25 17:46:51 2013 +0200

    ruleset-update autocommit

commit 116936c4433919d75d262a08fa8c598c30b0ccef
Author: = <=>
Date:   Sat Aug 17 11:39:25 2013 +0200

    ruleset-update autocommit

commit 579f18fa9d976ff0f692823d5aa86b95fab64e0b
Author: = <=>
Date:   Sat Aug 17 08:50:31 2013 +0200

    ruleset-update autocommit

commit 2ec0ea72167048036ca874d90a5b626d8d42f42d
Author: = <=>
Date:   Mon Jun 17 20:08:21 2013 +0200

    ruleset-update autocommit

commit f566ed750c1027890ad253629077dc7093b2018c
Author: = <=>
Date:   Wed Jun 5 21:46:02 2013 +0200

    ruleset-update autocommit

commit 5348bade32c223406c7f57aefb62c55c017f5a92
Author: = <=>
Date:   Sun Apr 28 12:12:17 2013 +0200

    ruleset-update autocommit

commit 1b0c89bdd02cb69fcc2d1eb902e74393648c54eb
Merge: 3bcf489 3acf3cb
Author: = <=>
Date:   Sat Apr 13 11:36:49 2013 +0200

    ruleset-update autocommit

commit 3bcf489aded378cafc90e424d86d50683f856770
Author: = <=>
Date:   Sat Apr 13 11:35:55 2013 +0200

    ruleset-update autocommit

commit 3acf3cb40f652d4a9d66637b24f7a9ab692c922d
Author: = <=>
Date:   Thu Feb 28 09:36:50 2013 +0100

    ruleset-update autocommit

commit 17819b0028864ebab4a067cdd0de21e16a4bf4d4
Author: = <=>
Date:   Mon Feb 18 11:59:04 2013 +0100

    ruleset-update autocommit

commit e3b4d9c310f6bf65ecac937700db5230f1b24d4e
Author: = <=>
Date:   Mon Feb 18 11:54:08 2013 +0100

    ruleset-update autocommit

commit 9dbe6cad4ad41e955074e86de1b1ce92efab6990
Author: = <=>
Date:   Mon Feb 18 11:51:21 2013 +0100

    ruleset-update autocommit

commit 732935555e8a221bf634a7c28822eedfa1b46c7e
Author: = <=>
Date:   Fri Feb 8 15:31:00 2013 +0100

    dd

commit 7cde248823d031d9ca4112d7539401c6aa5b2cc6
Author: = <=>
Date:   Fri Feb 8 15:25:54 2013 +0100

    docu-updates

commit 67bb81df26b98933b5e6cf1a7bc8eb5f3c1b75c8
Author: = <=>
Date:   Fri Feb 8 14:39:31 2013 +0100

    cleanup

commit 7761e93604de7faa5992075372da7570145b2f4a
Author: = <=>
Date:   Fri Feb 8 12:29:41 2013 +0100

    ruleset-update autocommit

commit 9a5f91db834560ab1ffb313c2cf0a6b55505c009
Author: = <=>
Date:   Fri Feb 8 12:26:42 2013 +0100

    ruleset-update autocommit

commit e378c7919deb94ac236617132e6662b2213ec708
Author: = <=>
Date:   Mon Feb 4 11:45:25 2013 +0100

    ruleset-update autocommit

commit 57f02f69f5c4d1c13d2191351976d55a9c8f6381
Author: = <=>
Date:   Thu Jan 24 18:10:29 2013 +0100

    ruleset-update autocommit

commit d158ad4d944f2ab207e18ccf7e5373ab5e267d64
Author: = <=>
Date:   Wed Jan 9 18:36:37 2013 +0100

    ruleset-update autocommit

commit e0adeda23e113ca492f34f2070bb75453c6bacd9
Author: = <=>
Date:   Wed Jan 9 18:34:13 2013 +0100

    ruleset-update autocommit

commit eac8251e7b939f7e4be387adc3e2ba04ca9fa1b5
Author: = <=>
Date:   Wed Jan 9 18:18:43 2013 +0100

    ruleset-update autocommit

commit 7e3623e0c6e28d59418846d877fed8e7ecf79596
Author: = <=>
Date:   Thu Jan 3 20:35:19 2013 +0100

    included License.txt

commit 6a9bd0b5f796edbb67c680f6a26b9d10e3c13489
Author: = <=>
Date:   Thu Jan 3 20:34:55 2013 +0100

    ruleset-update autocommit

commit 5be559bd86e86405fb846ea1400072e0e3531861
Author: = <=>
Date:   Thu Jan 3 18:17:16 2013 +0100

    ruleset-update autocommit

commit bb12e6e3274f21d086ab1e18e5e4031d067a3f1a
Author: = <=>
Date:   Wed Jan 2 20:32:01 2013 +0100

    ruleset-update autocommit

commit eb26dbbdcfe6aa1da0155502c96f6958201779bf
Author: = <=>
Date:   Wed Jan 2 20:15:24 2013 +0100

    ruleset-update autocommit

commit 3f14c6cfef6ba2daa53acd9f999ed948a7751952
Author: mex <mex@rogerz.mint.local>
Date:   Fri Dec 21 18:29:45 2012 +0100

    - initial commit for doxi-rules - git-repo
    https://bitbucket.org/lazy_dogtown/doxi-rules
